<?xml version="1.0" encoding="UTF-8"?>
<!-- Generated by org.testng.reporters.JUnitXMLReporter -->
<testsuite ignored="0" hostname="LAPTOP-1LGTTLAP" failures="1" tests="1" name="Default test" time="118.3" errors="0" timestamp="2025-09-10T09:33:13 IST">
  <testcase classname="io.cucumber.testng.AbstractTestNGCucumberTests" name="runScenario" time="115.915">
    <failure type="java.lang.AssertionError" message="Expected search results to be displayed expected [true] but found [false]">
      <![CDATA[java.lang.AssertionError: Expected search results to be displayed expected [true] but found [false]
at org.testng.Assert.fail(Assert.java:111)
at org.testng.Assert.failNotEquals(Assert.java:1590)
at org.testng.Assert.assertTrue(Assert.java:57)
at com.stepDefinition.searchingdefinitions.search_results_should_be_displayed(searchingdefinitions.java:72)
at ✽.search results should be displayed(file:///C:/Users/preeta/Desktop/capgemini/Ixigo_Testing_Project/src/test/resources/Features/flightsearch.feature:13)
]]>
    </failure>
  </testcase> <!-- runScenario -->
</testsuite> <!-- Default test -->
