<?xml version="1.0" encoding="UTF-8"?>
<!-- Generated by org.testng.reporters.JUnitReportReporter -->
<testsuite hostname="LAPTOP-1LGTTLAP" failures="1" tests="1" name="com.runner.TestRunner" time="115.915" errors="0" timestamp="2025-09-10T09:33:14 IST" skipped="0">
  <testcase classname="com.runner.TestRunner" name="runScenario" time="115.915">
    <failure message="Expected search results to be displayed expected [true] but found [false]" type="java.lang.AssertionError">
      <![CDATA[java.lang.AssertionError: Expected search results to be displayed expected [true] but found [false]
at org.testng.Assert.fail(Assert.java:111)
at org.testng.Assert.failNotEquals(Assert.java:1590)
at org.testng.Assert.assertTrue(Assert.java:57)
at com.stepDefinition.searchingdefinitions.search_results_should_be_displayed(searchingdefinitions.java:72)
at ✽.search results should be displayed(file:///C:/Users/preeta/Desktop/capgemini/Ixigo_Testing_Project/src/test/resources/Features/flightsearch.feature:13)
]]>
    </failure>
  </testcase> <!-- runScenario -->
</testsuite> <!-- com.runner.TestRunner -->
